<?xml version="1.0" encoding="UTF-8"?>
<!-- Generated by org.testng.reporters.JUnitXMLReporter -->
<testsuite hostname="Rizwan" ignored="5" name="Personal Loan" tests="5" failures="3" timestamp="2021-08-21T02:17:06 IST" time="0.063" errors="0">
  <testcase name="loginCheck" time="0.01" classname="test.Demo">
    <failure type="java.lang.AssertionError" message="expected [true] but found [false]">
      <![CDATA[java.lang.AssertionError: expected [true] but found [false]
at test.Demo.loginCheck(Demo.java:44)
at java.util.ArrayList.forEach(Unknown Source)
at java.util.concurrent.FutureTask.run(Unknown Source)
at java.util.concurrent.ThreadPoolExecutor.runWorker(Unknown Source)
at java.util.concurrent.ThreadPoolExecutor$Worker.run(Unknown Source)
at java.lang.Thread.run(Unknown Source)
... Removed 22 stack frames]]>
    </failure>
  </testcase> <!-- loginCheck -->
  <testcase name="loginCheck" time="0.002" classname="test.Demo">
    <failure type="java.lang.AssertionError" message="expected [true] but found [false]">
      <![CDATA[java.lang.AssertionError: expected [true] but found [false]
at test.Demo.loginCheck(Demo.java:44)
at java.util.ArrayList.forEach(Unknown Source)
at java.util.concurrent.FutureTask.run(Unknown Source)
at java.util.concurrent.ThreadPoolExecutor.runWorker(Unknown Source)
at java.util.concurrent.ThreadPoolExecutor$Worker.run(Unknown Source)
at java.lang.Thread.run(Unknown Source)
... Removed 22 stack frames]]>
    </failure>
  </testcase> <!-- loginCheck -->
  <testcase name="loginCheck" time="0.001" classname="test.Demo">
    <failure type="java.lang.AssertionError" message="expected [true] but found [false]">
      <![CDATA[java.lang.AssertionError: expected [true] but found [false]
at test.Demo.loginCheck(Demo.java:44)
at java.util.ArrayList.forEach(Unknown Source)
at java.util.concurrent.FutureTask.run(Unknown Source)
at java.util.concurrent.ThreadPoolExecutor.runWorker(Unknown Source)
at java.util.concurrent.ThreadPoolExecutor$Worker.run(Unknown Source)
at java.lang.Thread.run(Unknown Source)
... Removed 22 stack frames]]>
    </failure>
  </testcase> <!-- loginCheck -->
  <testcase name="paramTest" time="0.001" classname="test.Demo"/>
  <testcase name="loginHomeLoan" time="0.001" classname="test.Demo4"/>
  <testcase name="ploan" time="0.0" classname="test.Demo2">
    <ignored/>
  </testcase> <!-- ploan -->
  <testcase name="demoTest2" time="0.0" classname="test.Demo">
    <ignored/>
  </testcase> <!-- demoTest2 -->
  <testcase name="mobileLoginHomeLoan" time="0.0" classname="test.Demo4">
    <ignored/>
  </testcase> <!-- mobileLoginHomeLoan -->
  <testcase name="demoTest" time="0.0" classname="test.Demo">
    <ignored/>
  </testcase> <!-- demoTest -->
  <testcase name="loginAPIHomeLoan" time="0.0" classname="test.Demo4">
    <ignored/>
  </testcase> <!-- loginAPIHomeLoan -->
</testsuite> <!-- Personal Loan -->
